Дата создания протокола: 04.11.2025 в 20:03:51

------------- Параметры -------------

-in :  C:\Users\user\work_space\Laboratory_work\KPO_3SEM\laboratory_task_18\SELab_18\SELab_18\in.txt
-log:  C:\Users\user\work_space\Laboratory_work\KPO_3SEM\laboratory_task_18\SELab_18\SELab_18\in.txt.log
-out:  C:\Users\user\work_space\Laboratory_work\KPO_3SEM\laboratory_task_18\SELab_18\SELab_18\in.txt.out
-------------------------------------
---------- Лесический анализ --------

--------- Результаты анализа --------

--------- Таблица лексем ---------

Всего лексем: 41

tfi(ti,ti)
{
dti;
i=iv(ivi);
ri;
};
m
{
dti;
rl;
};

----- Таблица идентификаторов -----

Всего идентификаторов: 5

Индекс  Имя         Тип             Тип данных     Значение    
---------------------------------------------------------------
3       fi          (F)Функция      UNKNOWN               UNDEF
6       x           (P)Параметр     INT                       0
9       y           (P)Параметр     INT                       0
14      z           (V)Переменная   INT                       0
38      Lnum        (L)Литерал      INT                       0


Успешное завершение.
